[0mCompiling "target/cljsbuild/public/js/app.js" from ["src/cljs" "src/cljc" "env/dev/cljs"]...[0m
[31mFailed to compile "target/cljsbuild/public/js/app.js" in 0.296 seconds.[0m
[36m----  Could not Read  src/cljs/edw/core.cljs   line:40 ----[0m

  [1m/Users/xuelinwang/dev/edw/src/cljs/edw/core.cljs [line 40, col 39] Invalid symbol: />.[0m

  [36m38[0m  [36m(defn home-page [][0m
  [36m39[0m  [36m  [:div.container[0m
  [33m40[0m  [1m   <a href= "#/cmd" >command</a><br />[0m
  [0m  [0m  [33m   /Users/xuelinwang/dev/edw/src/cljs/edw/core.cljs [line 40, col 39] Invalid symbol: />.[0m
  [36m41[0m  [36m   <a href= "#/about" >about</a>[0m
  [36m42[0m  [36m   ])[0m

[36m----  Reader Error : Please see src/cljs/edw/core.cljs  ----[0m
[0mCompiling "target/cljsbuild/public/js/app.js" from ["src/cljs" "src/cljc" "env/dev/cljs"]...[0m
[31mFailed to compile "target/cljsbuild/public/js/app.js" in 0.307 seconds.[0m
[36m----  Could not Read  src/cljs/edw/core.cljs   line:41 ----[0m

  [1m/Users/xuelinwang/dev/edw/src/cljs/edw/core.cljs [line 41, col 39] Invalid symbol: />.[0m

  [36m39[0m  [36m(defn home-page [][0m
  [36m40[0m  [36m  [:div.container[0m
  [33m41[0m  [1m   <a href= "#/cmd" >command</a><br />[0m
  [0m  [0m  [33m   /Users/xuelinwang/dev/edw/src/cljs/edw/core.cljs [line 41, col 39] Invalid symbol: />.[0m
  [36m42[0m  [36m   <a href= "#/about" >about</a>[0m
  [36m43[0m  [36m   ])[0m

[36m----  Reader Error : Please see src/cljs/edw/core.cljs  ----[0m
[0mCompiling "target/cljsbuild/public/js/app.js" from ["src/cljs" "src/cljc" "env/dev/cljs"]...[0m
[36m----  Compiler Warning on   src/cljs/edw/core.cljs   line:41  column:4  ----[0m

  [1mUse of undeclared Var edw.core/<a[0m

  [36m37[0m  [36m     [:img {:src (str js/context "/img/warning_clojure.png")}]]]])[0m
  [36m38[0m  [36m[0m
  [36m39[0m  [36m(defn home-page [][0m
  [36m40[0m  [36m  [:div.container[0m
  [33m41[0m  [1m   <a href= "#/cmd" >command</a><br>[0m
  [0m  [0m  [33m   ^--- Use of undeclared Var edw.core/<a[0m
  [36m42[0m  [36m   <a href= "#/about" >about</a>[0m
  [36m43[0m  [36m   ])[0m
  [36m44[0m  [36m[0m
  [36m45[0m  [36m(defn cmd-page [][0m
  [36m46[0m  [36m  [:div.container[0m

[36m----  Compiler Warning : Please see src/cljs/edw/core.cljs  ----[0m
[36m----  Compiler Warning on   src/cljs/edw/core.cljs   line:41  column:7  ----[0m

  [1mUse of undeclared Var edw.core/href=[0m

  [36m37[0m  [36m     [:img {:src (str js/context "/img/warning_clojure.png")}]]]])[0m
  [36m38[0m  [36m[0m
  [36m39[0m  [36m(defn home-page [][0m
  [36m40[0m  [36m  [:div.container[0m
  [33m41[0m  [1m   <a href= "#/cmd" >command</a><br>[0m
  [0m  [0m  [33m      ^--- Use of undeclared Var edw.core/href=[0m
  [36m42[0m  [36m   <a href= "#/about" >about</a>[0m
  [36m43[0m  [36m   ])[0m
  [36m44[0m  [36m[0m
  [36m45[0m  [36m(defn cmd-page [][0m
  [36m46[0m  [36m  [:div.container[0m

[36m----  Compiler Warning : Please see src/cljs/edw/core.cljs  ----[0m
[36m----  Compiler Warning on   src/cljs/edw/core.cljs   line:41  column:21  ----[0m

  [1mNo such namespace: >command<, could not locate _GT_command_LT_.cljs, _GT_command_LT_.cljc, or JavaScript source providing ">command<"[0m

  [36m37[0m  [36m     [:img {:src (str js/context "/img/warning_clojure.png")}]]]])[0m
  [36m38[0m  [36m[0m
  [36m39[0m  [36m(defn home-page [][0m
  [36m40[0m  [36m  [:div.container[0m
  [33m41[0m  [1m   <a href= "#/cmd" >command</a><br>[0m
  [0m  [0m  [33m                    ^--- No such namespace: >command<, could not locate _GT_command_LT_.cljs, _GT_command_LT_.cljc, or JavaScript source providing ">command<"[0m
  [36m42[0m  [36m   <a href= "#/about" >about</a>[0m
  [36m43[0m  [36m   ])[0m
  [36m44[0m  [36m[0m
  [36m45[0m  [36m(defn cmd-page [][0m
  [36m46[0m  [36m  [:div.container[0m

[36m----  Compiler Warning : Please see src/cljs/edw/core.cljs  ----[0m
[36m----  Compiler Warning on   src/cljs/edw/core.cljs   line:41  column:21  ----[0m

  [1mUse of undeclared Var >command</a><br>[0m

  [36m37[0m  [36m     [:img {:src (str js/context "/img/warning_clojure.png")}]]]])[0m
  [36m38[0m  [36m[0m
  [36m39[0m  [36m(defn home-page [][0m
  [36m40[0m  [36m  [:div.container[0m
  [33m41[0m  [1m   <a href= "#/cmd" >command</a><br>[0m
  [0m  [0m  [33m                    ^--- Use of undeclared Var >command</a><br>[0m
  [36m42[0m  [36m   <a href= "#/about" >about</a>[0m
  [36m43[0m  [36m   ])[0m
  [36m44[0m  [36m[0m
  [36m45[0m  [36m(defn cmd-page [][0m
  [36m46[0m  [36m  [:div.container[0m

[36m----  Compiler Warning : Please see src/cljs/edw/core.cljs  ----[0m
[36m----  Compiler Warning on   src/cljs/edw/core.cljs   line:42  column:4  ----[0m

  [1mUse of undeclared Var edw.core/<a[0m

  [36m39[0m  [36m(defn home-page [][0m
  [36m40[0m  [36m  [:div.container[0m
  [36m41[0m  [36m   <a href= "#/cmd" >command</a><br>[0m
  [33m42[0m  [1m   <a href= "#/about" >about</a>[0m
  [0m  [0m  [33m   ^--- Use of undeclared Var edw.core/<a[0m
  [36m43[0m  [36m   ])[0m
  [36m44[0m  [36m[0m
  [36m45[0m  [36m(defn cmd-page [][0m
  [36m46[0m  [36m  [:div.container[0m
  [36m47[0m  [36m   "Welcome to cmd!"[0m

[36m----  Compiler Warning : Please see src/cljs/edw/core.cljs  ----[0m
[36m----  Compiler Warning on   src/cljs/edw/core.cljs   line:42  column:7  ----[0m

  [1mUse of undeclared Var edw.core/href=[0m

  [36m39[0m  [36m(defn home-page [][0m
  [36m40[0m  [36m  [:div.container[0m
  [36m41[0m  [36m   <a href= "#/cmd" >command</a><br>[0m
  [33m42[0m  [1m   <a href= "#/about" >about</a>[0m
  [0m  [0m  [33m      ^--- Use of undeclared Var edw.core/href=[0m
  [36m43[0m  [36m   ])[0m
  [36m44[0m  [36m[0m
  [36m45[0m  [36m(defn cmd-page [][0m
  [36m46[0m  [36m  [:div.container[0m
  [36m47[0m  [36m   "Welcome to cmd!"[0m

[36m----  Compiler Warning : Please see src/cljs/edw/core.cljs  ----[0m
[36m----  Compiler Warning on   src/cljs/edw/core.cljs   line:42  column:23  ----[0m

  [1mNo such namespace: >about<, could not locate _GT_about_LT_.cljs, _GT_about_LT_.cljc, or JavaScript source providing ">about<"[0m

  [36m39[0m  [36m(defn home-page [][0m
  [36m40[0m  [36m  [:div.container[0m
  [36m41[0m  [36m   <a href= "#/cmd" >command</a><br>[0m
  [33m42[0m  [1m   <a href= "#/about" >about</a>[0m
  [0m  [0m  [33m                      ^--- No such namespace: >about<, could not locate _GT_about_LT_.cljs, _GT_about_LT_.cljc, or JavaScript source providing ">about<"[0m
  [36m43[0m  [36m   ])[0m
  [36m44[0m  [36m[0m
  [36m45[0m  [36m(defn cmd-page [][0m
  [36m46[0m  [36m  [:div.container[0m
  [36m47[0m  [36m   "Welcome to cmd!"[0m

[36m----  Compiler Warning : Please see src/cljs/edw/core.cljs  ----[0m
[36m----  Compiler Warning on   src/cljs/edw/core.cljs   line:42  column:23  ----[0m

  [1mUse of undeclared Var >about</a>[0m

  [36m39[0m  [36m(defn home-page [][0m
  [36m40[0m  [36m  [:div.container[0m
  [36m41[0m  [36m   <a href= "#/cmd" >command</a><br>[0m
  [33m42[0m  [1m   <a href= "#/about" >about</a>[0m
  [0m  [0m  [33m                      ^--- Use of undeclared Var >about</a>[0m
  [36m43[0m  [36m   ])[0m
  [36m44[0m  [36m[0m
  [36m45[0m  [36m(defn cmd-page [][0m
  [36m46[0m  [36m  [:div.container[0m
  [36m47[0m  [36m   "Welcome to cmd!"[0m

[36m----  Compiler Warning : Please see src/cljs/edw/core.cljs  ----[0m
[36m----  Compiler Warning on   target/cljsbuild/public/js/out/cuerdas/core.cljc   line:643  column:14  ----[0m

  [1mUse of undeclared Var cuerdas.core/NaN[0m

  [36m639[0m  [36m  string to number. It works with both integers[0m
  [36m640[0m  [36m  and floats."[0m
  [36m641[0m  [36m  [s][0m
  [36m642[0m  [36m  (if (nil? s)[0m
  [33m643[0m  [1m    #?(:cljs NaN :clj Double/NaN)[0m
  [0m   [0m  [33m             ^--- Use of undeclared Var cuerdas.core/NaN[0m
  [36m644[0m  [36m    (if (numeric? s)[0m
  [36m645[0m  [36m      (edn/read-string s)[0m
  [36m646[0m  [36m      #?(:cljs NaN :clj Double/NaN))))[0m
  [36m647[0m  [36m[0m
  [36m648[0m  [36m(defn parse-double[0m

[36m----  Compiler Warning : Please see target/cljsbuild/public/js/out/cuerdas/core.cljc  ----[0m
[36m----  Compiler Warning on   target/cljsbuild/public/js/out/cuerdas/core.cljc   line:646  column:16  ----[0m

  [1mUse of undeclared Var cuerdas.core/NaN[0m

  [36m642[0m  [36m  (if (nil? s)[0m
  [36m643[0m  [36m    #?(:cljs NaN :clj Double/NaN)[0m
  [36m644[0m  [36m    (if (numeric? s)[0m
  [36m645[0m  [36m      (edn/read-string s)[0m
  [33m646[0m  [1m      #?(:cljs NaN :clj Double/NaN))))[0m
  [0m   [0m  [33m               ^--- Use of undeclared Var cuerdas.core/NaN[0m
  [36m647[0m  [36m[0m
  [36m648[0m  [36m(defn parse-double[0m
  [36m649[0m  [36m  "Return the double value from string."[0m
  [36m650[0m  [36m  [^String s][0m
  [36m651[0m  [36m  #?(:cljs (js/parseFloat s)[0m

[36m----  Compiler Warning : Please see target/cljsbuild/public/js/out/cuerdas/core.cljc  ----[0m
[32mSuccessfully compiled "target/cljsbuild/public/js/app.js" in 6.396 seconds.[0m
notifying browser that file changed:  target/cljsbuild/public/js/out/goog/deps.js
notifying browser that file changed:  target/cljsbuild/public/js/out/cljs_deps.js
notifying browser that file changed:  target/cljsbuild/public/js/out/edw/core.js
[0mCompiling "target/cljsbuild/public/js/app.js" from ["src/cljs" "src/cljc" "env/dev/cljs"]...[0m
[36m----  Compiler Warning on   src/cljs/edw/core.cljs   line:41  column:4  ----[0m

  [1mUse of undeclared Var edw.core/<a[0m

  [36m37[0m  [36m     [:img {:src (str js/context "/img/warning_clojure.png")}]]]])[0m
  [36m38[0m  [36m[0m
  [36m39[0m  [36m(defn home-page [][0m
  [36m40[0m  [36m  [:div.container[0m
  [33m41[0m  [1m   <a href= "#/cmd" >command</a>[0m
  [0m  [0m  [33m   ^--- Use of undeclared Var edw.core/<a[0m
  [36m42[0m  [36m   <a href= "#/about" >about</a>[0m
  [36m43[0m  [36m   ])[0m
  [36m44[0m  [36m[0m
  [36m45[0m  [36m(defn cmd-page [][0m
  [36m46[0m  [36m  [:div.container[0m

[36m----  Compiler Warning : Please see src/cljs/edw/core.cljs  ----[0m
[36m----  Compiler Warning on   src/cljs/edw/core.cljs   line:41  column:7  ----[0m

  [1mUse of undeclared Var edw.core/href=[0m

  [36m37[0m  [36m     [:img {:src (str js/context "/img/warning_clojure.png")}]]]])[0m
  [36m38[0m  [36m[0m
  [36m39[0m  [36m(defn home-page [][0m
  [36m40[0m  [36m  [:div.container[0m
  [33m41[0m  [1m   <a href= "#/cmd" >command</a>[0m
  [0m  [0m  [33m      ^--- Use of undeclared Var edw.core/href=[0m
  [36m42[0m  [36m   <a href= "#/about" >about</a>[0m
  [36m43[0m  [36m   ])[0m
  [36m44[0m  [36m[0m
  [36m45[0m  [36m(defn cmd-page [][0m
  [36m46[0m  [36m  [:div.container[0m

[36m----  Compiler Warning : Please see src/cljs/edw/core.cljs  ----[0m
[36m----  Compiler Warning on   src/cljs/edw/core.cljs   line:41  column:21  ----[0m

  [1mNo such namespace: >command<, could not locate _GT_command_LT_.cljs, _GT_command_LT_.cljc, or JavaScript source providing ">command<"[0m

  [36m37[0m  [36m     [:img {:src (str js/context "/img/warning_clojure.png")}]]]])[0m
  [36m38[0m  [36m[0m
  [36m39[0m  [36m(defn home-page [][0m
  [36m40[0m  [36m  [:div.container[0m
  [33m41[0m  [1m   <a href= "#/cmd" >command</a>[0m
  [0m  [0m  [33m                    ^--- No such namespace: >command<, could not locate _GT_command_LT_.cljs, _GT_command_LT_.cljc, or JavaScript source providing ">command<"[0m
  [36m42[0m  [36m   <a href= "#/about" >about</a>[0m
  [36m43[0m  [36m   ])[0m
  [36m44[0m  [36m[0m
  [36m45[0m  [36m(defn cmd-page [][0m
  [36m46[0m  [36m  [:div.container[0m

[36m----  Compiler Warning : Please see src/cljs/edw/core.cljs  ----[0m
[36m----  Compiler Warning on   src/cljs/edw/core.cljs   line:41  column:21  ----[0m

  [1mUse of undeclared Var >command</a>[0m

  [36m37[0m  [36m     [:img {:src (str js/context "/img/warning_clojure.png")}]]]])[0m
  [36m38[0m  [36m[0m
  [36m39[0m  [36m(defn home-page [][0m
  [36m40[0m  [36m  [:div.container[0m
  [33m41[0m  [1m   <a href= "#/cmd" >command</a>[0m
  [0m  [0m  [33m                    ^--- Use of undeclared Var >command</a>[0m
  [36m42[0m  [36m   <a href= "#/about" >about</a>[0m
  [36m43[0m  [36m   ])[0m
  [36m44[0m  [36m[0m
  [36m45[0m  [36m(defn cmd-page [][0m
  [36m46[0m  [36m  [:div.container[0m

[36m----  Compiler Warning : Please see src/cljs/edw/core.cljs  ----[0m
[36m----  Compiler Warning on   src/cljs/edw/core.cljs   line:42  column:4  ----[0m

  [1mUse of undeclared Var edw.core/<a[0m

  [36m39[0m  [36m(defn home-page [][0m
  [36m40[0m  [36m  [:div.container[0m
  [36m41[0m  [36m   <a href= "#/cmd" >command</a>[0m
  [33m42[0m  [1m   <a href= "#/about" >about</a>[0m
  [0m  [0m  [33m   ^--- Use of undeclared Var edw.core/<a[0m
  [36m43[0m  [36m   ])[0m
  [36m44[0m  [36m[0m
  [36m45[0m  [36m(defn cmd-page [][0m
  [36m46[0m  [36m  [:div.container[0m
  [36m47[0m  [36m   "Welcome to cmd!"[0m

[36m----  Compiler Warning : Please see src/cljs/edw/core.cljs  ----[0m
[36m----  Compiler Warning on   src/cljs/edw/core.cljs   line:42  column:7  ----[0m

  [1mUse of undeclared Var edw.core/href=[0m

  [36m39[0m  [36m(defn home-page [][0m
  [36m40[0m  [36m  [:div.container[0m
  [36m41[0m  [36m   <a href= "#/cmd" >command</a>[0m
  [33m42[0m  [1m   <a href= "#/about" >about</a>[0m
  [0m  [0m  [33m      ^--- Use of undeclared Var edw.core/href=[0m
  [36m43[0m  [36m   ])[0m
  [36m44[0m  [36m[0m
  [36m45[0m  [36m(defn cmd-page [][0m
  [36m46[0m  [36m  [:div.container[0m
  [36m47[0m  [36m   "Welcome to cmd!"[0m

[36m----  Compiler Warning : Please see src/cljs/edw/core.cljs  ----[0m
[36m----  Compiler Warning on   src/cljs/edw/core.cljs   line:42  column:23  ----[0m

  [1mNo such namespace: >about<, could not locate _GT_about_LT_.cljs, _GT_about_LT_.cljc, or JavaScript source providing ">about<"[0m

  [36m39[0m  [36m(defn home-page [][0m
  [36m40[0m  [36m  [:div.container[0m
  [36m41[0m  [36m   <a href= "#/cmd" >command</a>[0m
  [33m42[0m  [1m   <a href= "#/about" >about</a>[0m
  [0m  [0m  [33m                      ^--- No such namespace: >about<, could not locate _GT_about_LT_.cljs, _GT_about_LT_.cljc, or JavaScript source providing ">about<"[0m
  [36m43[0m  [36m   ])[0m
  [36m44[0m  [36m[0m
  [36m45[0m  [36m(defn cmd-page [][0m
  [36m46[0m  [36m  [:div.container[0m
  [36m47[0m  [36m   "Welcome to cmd!"[0m

[36m----  Compiler Warning : Please see src/cljs/edw/core.cljs  ----[0m
[36m----  Compiler Warning on   src/cljs/edw/core.cljs   line:42  column:23  ----[0m

  [1mUse of undeclared Var >about</a>[0m

  [36m39[0m  [36m(defn home-page [][0m
  [36m40[0m  [36m  [:div.container[0m
  [36m41[0m  [36m   <a href= "#/cmd" >command</a>[0m
  [33m42[0m  [1m   <a href= "#/about" >about</a>[0m
  [0m  [0m  [33m                      ^--- Use of undeclared Var >about</a>[0m
  [36m43[0m  [36m   ])[0m
  [36m44[0m  [36m[0m
  [36m45[0m  [36m(defn cmd-page [][0m
  [36m46[0m  [36m  [:div.container[0m
  [36m47[0m  [36m   "Welcome to cmd!"[0m

[36m----  Compiler Warning : Please see src/cljs/edw/core.cljs  ----[0m
[32mSuccessfully compiled "target/cljsbuild/public/js/app.js" in 0.689 seconds.[0m
notifying browser that file changed:  target/cljsbuild/public/js/out/edw/core.js
[0mCompiling "target/cljsbuild/public/js/app.js" from ["src/cljs" "src/cljc" "env/dev/cljs"]...[0m
[32mSuccessfully compiled "target/cljsbuild/public/js/app.js" in 0.483 seconds.[0m
notifying browser that file changed:  target/cljsbuild/public/js/out/edw/core.js
[0mCompiling "target/cljsbuild/public/js/app.js" from ["src/cljs" "src/cljc" "env/dev/cljs"]...[0m
[32mSuccessfully compiled "target/cljsbuild/public/js/app.js" in 0.555 seconds.[0m
notifying browser that file changed:  target/cljsbuild/public/js/out/edw/core.js
[0mCompiling "target/cljsbuild/public/js/app.js" from ["src/cljs" "src/cljc" "env/dev/cljs"]...[0m
[32mSuccessfully compiled "target/cljsbuild/public/js/app.js" in 0.503 seconds.[0m
notifying browser that file changed:  target/cljsbuild/public/js/out/edw/core.js
[0mCompiling "target/cljsbuild/public/js/app.js" from ["src/cljs" "src/cljc" "env/dev/cljs"]...[0m
[32mSuccessfully compiled "target/cljsbuild/public/js/app.js" in 0.492 seconds.[0m
notifying browser that file changed:  target/cljsbuild/public/js/out/edw/core.js
[0mCompiling "target/cljsbuild/public/js/app.js" from ["src/cljs" "src/cljc" "env/dev/cljs"]...[0m
[31mFailed to compile "target/cljsbuild/public/js/app.js" in 0.309 seconds.[0m
[36m----  Could not Read  src/cljs/edw/core.cljs   line:41 ----[0m

  [1m/Users/xuelinwang/dev/edw/src/cljs/edw/core.cljs [line 41, col 33] The map literal starting with :href on line 41 column 8 contains 3 form(s). Map literals must contain an even number of forms.[0m

  [36m39[0m  [36m  [:div.container[0m
  [36m40[0m  [36m   [:a {:href "#/cmd"} "command"][0m
  [33m41[0m  [1m   [:a {:href "#/about" "about"}][0m
  [0m  [0m  [33m   /Users/xuelinwang/dev/edw/src/cljs/edw/core.cljs [line 41, col 33] The map literal starting with :href on line 41 column 8 contains 3 form(s). Map literals must contain an even number of forms.[0m
  [36m42[0m  [36m   ])[0m
  [36m43[0m  [36m[0m
  [36m44[0m  [36m(defn cmd-page [][0m

[36m----  Reader Error : Please see src/cljs/edw/core.cljs  ----[0m
[0mCompiling "target/cljsbuild/public/js/app.js" from ["src/cljs" "src/cljc" "env/dev/cljs"]...[0m
[32mSuccessfully compiled "target/cljsbuild/public/js/app.js" in 0.514 seconds.[0m
notifying browser that file changed:  target/cljsbuild/public/js/out/edw/core.js
[0mCompiling "target/cljsbuild/public/js/app.js" from ["src/cljs" "src/cljc" "env/dev/cljs"]...[0m
[32mSuccessfully compiled "target/cljsbuild/public/js/app.js" in 0.51 seconds.[0m
notifying browser that file changed:  target/cljsbuild/public/js/out/edw/core.js
[0mCompiling "target/cljsbuild/public/js/app.js" from ["src/cljs" "src/cljc" "env/dev/cljs"]...[0m
[32mSuccessfully compiled "target/cljsbuild/public/js/app.js" in 0.477 seconds.[0m
notifying browser that file changed:  target/cljsbuild/public/js/out/edw/core.js
[0mCompiling "target/cljsbuild/public/js/app.js" from ["src/cljs" "src/cljc" "env/dev/cljs"]...[0m
[32mSuccessfully compiled "target/cljsbuild/public/js/app.js" in 0.542 seconds.[0m
notifying browser that file changed:  target/cljsbuild/public/js/out/edw/core.js
[0mCompiling "target/cljsbuild/public/js/app.js" from ["src/cljs" "src/cljc" "env/dev/cljs"]...[0m
[32mSuccessfully compiled "target/cljsbuild/public/js/app.js" in 0.45 seconds.[0m
notifying browser that file changed:  target/cljsbuild/public/js/out/edw/core.js
[0mCompiling "target/cljsbuild/public/js/app.js" from ["src/cljs" "src/cljc" "env/dev/cljs"]...[0m
[32mSuccessfully compiled "target/cljsbuild/public/js/app.js" in 0.468 seconds.[0m
notifying browser that file changed:  target/cljsbuild/public/js/out/edw/core.js
[0mCompiling "target/cljsbuild/public/js/app.js" from ["src/cljs" "src/cljc" "env/dev/cljs"]...[0m
[32mSuccessfully compiled "target/cljsbuild/public/js/app.js" in 0.608 seconds.[0m
notifying browser that file changed:  target/cljsbuild/public/js/out/edw/core.js
[0mCompiling "target/cljsbuild/public/js/app.js" from ["src/cljs" "src/cljc" "env/dev/cljs"]...[0m
[32mSuccessfully compiled "target/cljsbuild/public/js/app.js" in 0.41 seconds.[0m
notifying browser that file changed:  target/cljsbuild/public/js/out/cljs_deps.js
notifying browser that file changed:  target/cljsbuild/public/js/out/edw/cmd.js
[0mCompiling "target/cljsbuild/public/js/app.js" from ["src/cljs" "src/cljc" "env/dev/cljs"]...[0m
[31mFailed to compile "target/cljsbuild/public/js/app.js" in 0.274 seconds.[0m
[36m----  Could not Analyze  src/cljs/edw/core.cljs   line:53  column:1  ----[0m

  [1mUnable to resolve var: cmd-page in this context at line 53 /Users/xuelinwang/dev/edw/src/cljs/edw/core.cljs[0m

  [36m51[0m  [36m             {:__html (md->html docs)}}]])])[0m
  [36m52[0m  [36m[0m
  [33m53[0m  [1m(def pages[0m
  [0m  [0m  [33m^--- Unable to resolve var: cmd-page in this context at line 53 /Users/xuelinwang/dev/edw/src/cljs/edw/core.cljs[0m
  [36m54[0m  [36m  {:home #'home-page[0m
  [36m55[0m  [36m   :cmd #'cmd-page[0m
  [36m56[0m  [36m   :about #'about-page})[0m

[36m----  Analysis Error : Please see src/cljs/edw/core.cljs  ----[0m
[0mCompiling "target/cljsbuild/public/js/app.js" from ["src/cljs" "src/cljc" "env/dev/cljs"]...[0m
[31mFailed to compile "target/cljsbuild/public/js/app.js" in 0.268 seconds.[0m
[36m----  Could not Analyze  src/cljs/edw/core.cljs   line:53  column:1  ----[0m

  [1mUnable to resolve var: cmd-page in this context at line 53 /Users/xuelinwang/dev/edw/src/cljs/edw/core.cljs[0m

  [36m51[0m  [36m             {:__html (md->html docs)}}]])])[0m
  [36m52[0m  [36m[0m
  [33m53[0m  [1m(def pages[0m
  [0m  [0m  [33m^--- Unable to resolve var: cmd-page in this context at line 53 /Users/xuelinwang/dev/edw/src/cljs/edw/core.cljs[0m
  [36m54[0m  [36m  {:home #'home-page[0m
  [36m55[0m  [36m   :cmd #'cmd-page[0m
  [36m56[0m  [36m   :about #'about-page})[0m

[36m----  Analysis Error : Please see src/cljs/edw/core.cljs  ----[0m
[0mCompiling "target/cljsbuild/public/js/app.js" from ["src/cljs" "src/cljc" "env/dev/cljs"]...[0m
[31mFailed to compile "target/cljsbuild/public/js/app.js" in 0.241 seconds.[0m
[36m----  Could not Analyze  src/cljs/edw/core.cljs   line:54  column:1  ----[0m

  [1mUnable to resolve var: cmd-page in this context at line 54 src/cljs/edw/core.cljs[0m

  [36m52[0m  [36m             {:__html (md->html docs)}}]])])[0m
  [36m53[0m  [36m[0m
  [33m54[0m  [1m(def pages[0m
  [0m  [0m  [33m^--- Unable to resolve var: cmd-page in this context at line 54 src/cljs/edw/core.cljs[0m
  [36m55[0m  [36m  {:home #'home-page[0m
  [36m56[0m  [36m   :cmd #'cmd-page[0m
  [36m57[0m  [36m   :about #'about-page})[0m

[36m----  Analysis Error : Please see src/cljs/edw/core.cljs  ----[0m
[0mCompiling "target/cljsbuild/public/js/app.js" from ["src/cljs" "src/cljc" "env/dev/cljs"]...[0m
[32mSuccessfully compiled "target/cljsbuild/public/js/app.js" in 0.439 seconds.[0m
notifying browser that file changed:  target/cljsbuild/public/js/out/cljs_deps.js
notifying browser that file changed:  target/cljsbuild/public/js/out/edw/core.js
[0mCompiling "target/cljsbuild/public/js/app.js" from ["src/cljs" "src/cljc" "env/dev/cljs"]...[0m
[32mSuccessfully compiled "target/cljsbuild/public/js/app.js" in 0.458 seconds.[0m
notifying browser that file changed:  target/cljsbuild/public/js/out/edw/cmd.js
[0mCompiling "target/cljsbuild/public/js/app.js" from ["src/cljs" "src/cljc" "env/dev/cljs"]...[0m
[32mSuccessfully compiled "target/cljsbuild/public/js/app.js" in 0.465 seconds.[0m
notifying browser that file changed:  target/cljsbuild/public/js/out/edw/cmd.js
[0mCompiling "target/cljsbuild/public/js/app.js" from ["src/cljs" "src/cljc" "env/dev/cljs"]...[0m
[32mSuccessfully compiled "target/cljsbuild/public/js/app.js" in 0.445 seconds.[0m
notifying browser that file changed:  target/cljsbuild/public/js/out/cljs_deps.js
notifying browser that file changed:  target/cljsbuild/public/js/out/edw/dashboard.js
[0mCompiling "target/cljsbuild/public/js/app.js" from ["src/cljs" "src/cljc" "env/dev/cljs"]...[0m
[32mSuccessfully compiled "target/cljsbuild/public/js/app.js" in 0.379 seconds.[0m
notifying browser that file changed:  target/cljsbuild/public/js/out/edw/dashboard.js
[0mCompiling "target/cljsbuild/public/js/app.js" from ["src/cljs" "src/cljc" "env/dev/cljs"]...[0m
[32mSuccessfully compiled "target/cljsbuild/public/js/app.js" in 0.406 seconds.[0m
notifying browser that file changed:  target/cljsbuild/public/js/out/edw/dashboard.js
[0mCompiling "target/cljsbuild/public/js/app.js" from ["src/cljs" "src/cljc" "env/dev/cljs"]...[0m
[32mSuccessfully compiled "target/cljsbuild/public/js/app.js" in 0.659 seconds.[0m
notifying browser that file changed:  target/cljsbuild/public/js/out/cljs_deps.js
notifying browser that file changed:  target/cljsbuild/public/js/out/edw/core.js
[0mCompiling "target/cljsbuild/public/js/app.js" from ["src/cljs" "src/cljc" "env/dev/cljs"]...[0m
[32mSuccessfully compiled "target/cljsbuild/public/js/app.js" in 0.451 seconds.[0m
notifying browser that file changed:  target/cljsbuild/public/js/out/edw/core.js
[0mCompiling "target/cljsbuild/public/js/app.js" from ["src/cljs" "src/cljc" "env/dev/cljs"]...[0m
[32mSuccessfully compiled "target/cljsbuild/public/js/app.js" in 0.455 seconds.[0m
notifying browser that file changed:  target/cljsbuild/public/js/out/cljs_deps.js
notifying browser that file changed:  target/cljsbuild/public/js/out/edw/common_utils.js
[0mCompiling "target/cljsbuild/public/js/app.js" from ["src/cljs" "src/cljc" "env/dev/cljs"]...[0m
[31mFailed to compile "target/cljsbuild/public/js/app.js" in 0.009 seconds.[0m
[36m----  Could not Analyze  src/cljs/edw/cmd.cljs   line:1  column:1  ----[0m

  [1mOnly :refer-clojure, :require, :require-macros, :use, :use-macros, and :import libspecs supported. Got [re-frame.core :as rf] instead. at line 1 src/cljs/edw/cmd.cljs[0m

  [33m1[0m  [1m(ns edw.cmd[0m
  [0m [0m  [33m^--- Only :refer-clojure, :require, :require-macros, :use, :use-macros, and :import libspecs supported. Got [re-frame.core :as rf] instead. at line 1 src/cljs/edw/cmd.cljs[0m
  [36m2[0m  [36m  [re-frame.core :as rf])[0m
  [36m3[0m  [36m[0m
  [36m4[0m  [36m(defn cmd-page [][0m

[36m----  Analysis Error : Please see src/cljs/edw/cmd.cljs  ----[0m
[0mCompiling "target/cljsbuild/public/js/app.js" from ["src/cljs" "src/cljc" "env/dev/cljs"]...[0m
[31mFailed to compile "target/cljsbuild/public/js/app.js" in 0.009 seconds.[0m
[36m----  Could not Analyze  src/cljs/edw/cmd.cljs   line:1  column:1  ----[0m

  [1mOnly :refer-clojure, :require, :require-macros, :use, :use-macros, and :import libspecs supported. Got [re-frame.core :as rf] instead. at line 1 src/cljs/edw/cmd.cljs[0m

  [33m1[0m  [1m(ns edw.cmd[0m
  [0m [0m  [33m^--- Only :refer-clojure, :require, :require-macros, :use, :use-macros, and :import libspecs supported. Got [re-frame.core :as rf] instead. at line 1 src/cljs/edw/cmd.cljs[0m
  [36m2[0m  [36m  [re-frame.core :as rf][0m
  [36m3[0m  [36m  [edw.common-utils :as common-utils])[0m

[36m----  Analysis Error : Please see src/cljs/edw/cmd.cljs  ----[0m
[0mCompiling "target/cljsbuild/public/js/app.js" from ["src/cljs" "src/cljc" "env/dev/cljs"]...[0m
[36m----  Compiler Warning on   src/cljs/edw/cmd.cljs   line:13  column:15  ----[0m

  [1mUse of undeclared Var edw.cmd/cmd-type[0m

  [36m 9[0m  [36m  [:div.container[0m
  [36m10[0m  [36m   [:div.row[0m
  [36m11[0m  [36m    [:div.col-md-12[0m
  [36m12[0m  [36m     [:select[0m
  [33m13[0m  [1m      {:value cmd-type[0m
  [0m  [0m  [33m              ^--- Use of undeclared Var edw.cmd/cmd-type[0m
  [36m14[0m  [36m       :on-change #(rf/dispatch [:update-value [:cmd :cmd-type] (-> % .-target .-value)])}[0m
  [36m15[0m  [36m      (map-indexed (fn [idx val] [:option {:key (str "_cmd_t_" idx)} val]) common-utils/cmd-types)][0m
  [36m16[0m  [36m[0m
  [36m17[0m  [36m     "Welcome to command"[0m
  [36m18[0m  [36m     ]]])[0m

[36m----  Compiler Warning : Please see src/cljs/edw/cmd.cljs  ----[0m
[32mSuccessfully compiled "target/cljsbuild/public/js/app.js" in 0.509 seconds.[0m
notifying browser that file changed:  target/cljsbuild/public/js/out/cljs_deps.js
notifying browser that file changed:  target/cljsbuild/public/js/out/edw/cmd.js
[0mCompiling "target/cljsbuild/public/js/app.js" from ["src/cljs" "src/cljc" "env/dev/cljs"]...[0m
[31mFailed to compile "target/cljsbuild/public/js/app.js" in 0.241 seconds.[0m
[36m----  Could not Analyze  src/cljs/edw/cmd.cljs   line:9  column:3  ----[0m

  [1mlet requires an even number of forms in binding vector[0m

  [36m 8[0m  [36m(defn cmd-page [][0m
  [33m 9[0m  [1m  (let [cmd-type ][0m
  [0m  [0m  [33m  ^--- let requires an even number of forms in binding vector[0m
  [36m10[0m  [36m    [:div.container[0m
  [36m11[0m  [36m     [:div.row[0m
  [36m12[0m  [36m      [:div.col-md-12[0m

[36m----  Analysis Error : Please see src/cljs/edw/cmd.cljs  ----[0m
[0mCompiling "target/cljsbuild/public/js/app.js" from ["src/cljs" "src/cljc" "env/dev/cljs"]...[0m
[36m----  Compiler Warning on   src/cljs/edw/cmd.cljs   line:10  column:49  ----[0m

  [1mNo such namespace: commonutils, could not locate commonutils.cljs, commonutils.cljc, or JavaScript source providing "commonutils"[0m

  [36m 6[0m  [36m)[0m
  [36m 7[0m  [36m[0m
  [36m 8[0m  [36m(defn cmd-page [cmd][0m
  [36m 9[0m  [36m  (let [cmd-type0 (:cmd-type cmd)[0m
  [33m10[0m  [1m        cmd-type (if cmd-type0 cmd-type0 (first commonutils/cmd-cmd-types))][0m
  [0m  [0m  [33m                                                ^--- No such namespace: commonutils, could not locate commonutils.cljs, commonutils.cljc, or JavaScript source providing "commonutils"[0m
  [36m11[0m  [36m    [:div.container[0m
  [36m12[0m  [36m     [:div.row[0m
  [36m13[0m  [36m      [:div.col-md-12[0m
  [36m14[0m  [36m       [:select[0m
  [36m15[0m  [36m        {:value cmd-type[0m

[36m----  Compiler Warning : Please see src/cljs/edw/cmd.cljs  ----[0m
[36m----  Compiler Warning on   src/cljs/edw/cmd.cljs   line:10  column:49  ----[0m

  [1mUse of undeclared Var commonutils/cmd-cmd-types[0m

  [36m 6[0m  [36m)[0m
  [36m 7[0m  [36m[0m
  [36m 8[0m  [36m(defn cmd-page [cmd][0m
  [36m 9[0m  [36m  (let [cmd-type0 (:cmd-type cmd)[0m
  [33m10[0m  [1m        cmd-type (if cmd-type0 cmd-type0 (first commonutils/cmd-cmd-types))][0m
  [0m  [0m  [33m                                                ^--- Use of undeclared Var commonutils/cmd-cmd-types[0m
  [36m11[0m  [36m    [:div.container[0m
  [36m12[0m  [36m     [:div.row[0m
  [36m13[0m  [36m      [:div.col-md-12[0m
  [36m14[0m  [36m       [:select[0m
  [36m15[0m  [36m        {:value cmd-type[0m

[36m----  Compiler Warning : Please see src/cljs/edw/cmd.cljs  ----[0m
[32mSuccessfully compiled "target/cljsbuild/public/js/app.js" in 0.508 seconds.[0m
notifying browser that file changed:  target/cljsbuild/public/js/out/edw/cmd.js
[0mCompiling "target/cljsbuild/public/js/app.js" from ["src/cljs" "src/cljc" "env/dev/cljs"]...[0m
[36m----  Compiler Warning on   src/cljs/edw/cmd.cljs   line:10  column:49  ----[0m

  [1mUse of undeclared Var edw.common-utils/cmd-cmd-types[0m

  [36m 6[0m  [36m)[0m
  [36m 7[0m  [36m[0m
  [36m 8[0m  [36m(defn cmd-page [cmd][0m
  [36m 9[0m  [36m  (let [cmd-type0 (:cmd-type cmd)[0m
  [33m10[0m  [1m        cmd-type (if cmd-type0 cmd-type0 (first common-utils/cmd-cmd-types))][0m
  [0m  [0m  [33m                                                ^--- Use of undeclared Var edw.common-utils/cmd-cmd-types[0m
  [36m11[0m  [36m    [:div.container[0m
  [36m12[0m  [36m     [:div.row[0m
  [36m13[0m  [36m      [:div.col-md-12[0m
  [36m14[0m  [36m       [:select[0m
  [36m15[0m  [36m        {:value cmd-type[0m

[36m----  Compiler Warning : Please see src/cljs/edw/cmd.cljs  ----[0m
[32mSuccessfully compiled "target/cljsbuild/public/js/app.js" in 0.502 seconds.[0m
notifying browser that file changed:  target/cljsbuild/public/js/out/edw/cmd.js
[0mCompiling "target/cljsbuild/public/js/app.js" from ["src/cljs" "src/cljc" "env/dev/cljs"]...[0m
[32mSuccessfully compiled "target/cljsbuild/public/js/app.js" in 0.427 seconds.[0m
notifying browser that file changed:  target/cljsbuild/public/js/out/edw/cmd.js
[0mCompiling "target/cljsbuild/public/js/app.js" from ["src/cljs" "src/cljc" "env/dev/cljs"]...[0m
[32mSuccessfully compiled "target/cljsbuild/public/js/app.js" in 0.448 seconds.[0m
notifying browser that file changed:  target/cljsbuild/public/js/out/edw/db.js
[0mCompiling "target/cljsbuild/public/js/app.js" from ["src/cljs" "src/cljc" "env/dev/cljs"]...[0m
[32mSuccessfully compiled "target/cljsbuild/public/js/app.js" in 0.472 seconds.[0m
notifying browser that file changed:  target/cljsbuild/public/js/out/edw/events.js
[0mCompiling "target/cljsbuild/public/js/app.js" from ["src/cljs" "src/cljc" "env/dev/cljs"]...[0m
[36m----  Compiler Warning on   src/cljs/edw/events.cljs   line:22  column:29  ----[0m

  [1mUse of undeclared Var edw.events/update-value[0m

  [36m18[0m  [36m  :set-docs[0m
  [36m19[0m  [36m  (fn [db [_ docs]][0m
  [36m20[0m  [36m    (assoc db :docs docs)))[0m
  [36m21[0m  [36m[0m
  [33m22[0m  [1m(reg-event-fx :update-value update-value)[0m
  [0m  [0m  [33m                            ^--- Use of undeclared Var edw.events/update-value[0m
  [36m23[0m  [36m;;subscriptions[0m
  [36m24[0m  [36m[0m
  [36m25[0m  [36m(reg-sub[0m
  [36m26[0m  [36m  :page[0m
  [36m27[0m  [36m  (fn [db _][0m

[36m----  Compiler Warning : Please see src/cljs/edw/events.cljs  ----[0m
[32mSuccessfully compiled "target/cljsbuild/public/js/app.js" in 0.538 seconds.[0m
notifying browser that file changed:  target/cljsbuild/public/js/out/edw/events.js
[0mCompiling "target/cljsbuild/public/js/app.js" from ["src/cljs" "src/cljc" "env/dev/cljs"]...[0m
[32mSuccessfully compiled "target/cljsbuild/public/js/app.js" in 0.438 seconds.[0m
notifying browser that file changed:  target/cljsbuild/public/js/out/edw/events.js
[0mCompiling "target/cljsbuild/public/js/app.js" from ["src/cljs" "src/cljc" "env/dev/cljs"]...[0m
[32mSuccessfully compiled "target/cljsbuild/public/js/app.js" in 0.477 seconds.[0m
notifying browser that file changed:  target/cljsbuild/public/js/out/edw/events.js
[0mCompiling "target/cljsbuild/public/js/app.js" from ["src/cljs" "src/cljc" "env/dev/cljs"]...[0m
[36m----  Compiler Warning on   src/cljs/edw/events.cljs   line:24  column:16  ----[0m

  [1mUse of undeclared Var edw.events/value-path[0m

  [36m20[0m  [36m    (assoc db :docs docs)))[0m
  [36m21[0m  [36m[0m
  [36m22[0m  [36m(defn update-value[0m
  [36m23[0m  [36m  [{:keys [db]} [_ path val]][0m
  [33m24[0m  [1m  (assoc-in db value-path val)[0m
  [0m  [0m  [33m               ^--- Use of undeclared Var edw.events/value-path[0m
  [36m25[0m  [36m  )[0m
  [36m26[0m  [36m[0m
  [36m27[0m  [36m(reg-event-fx :update-value update-value)[0m
  [36m28[0m  [36m;;subscriptions[0m

[36m----  Compiler Warning : Please see src/cljs/edw/events.cljs  ----[0m
[32mSuccessfully compiled "target/cljsbuild/public/js/app.js" in 0.496 seconds.[0m
notifying browser that file changed:  target/cljsbuild/public/js/out/edw/events.js
[0mCompiling "target/cljsbuild/public/js/app.js" from ["src/cljs" "src/cljc" "env/dev/cljs"]...[0m
[32mSuccessfully compiled "target/cljsbuild/public/js/app.js" in 0.428 seconds.[0m
notifying browser that file changed:  target/cljsbuild/public/js/out/edw/events.js
[0mCompiling "target/cljsbuild/public/js/app.js" from ["src/cljs" "src/cljc" "env/dev/cljs"]...[0m
[32mSuccessfully compiled "target/cljsbuild/public/js/app.js" in 0.441 seconds.[0m
notifying browser that file changed:  target/cljsbuild/public/js/out/edw/events.js
[0mCompiling "target/cljsbuild/public/js/app.js" from ["src/cljs" "src/cljc" "env/dev/cljs"]...[0m
[32mSuccessfully compiled "target/cljsbuild/public/js/app.js" in 0.487 seconds.[0m
notifying browser that file changed:  target/cljsbuild/public/js/out/edw/cmd.js
[0mCompiling "target/cljsbuild/public/js/app.js" from ["src/cljs" "src/cljc" "env/dev/cljs"]...[0m
[32mSuccessfully compiled "target/cljsbuild/public/js/app.js" in 0.432 seconds.[0m
notifying browser that file changed:  target/cljsbuild/public/js/out/edw/events.js
[0mCompiling "target/cljsbuild/public/js/app.js" from ["src/cljs" "src/cljc" "env/dev/cljs"]...[0m
[32mSuccessfully compiled "target/cljsbuild/public/js/app.js" in 0.446 seconds.[0m
notifying browser that file changed:  target/cljsbuild/public/js/out/edw/cmd.js
[0mCompiling "target/cljsbuild/public/js/app.js" from ["src/cljs" "src/cljc" "env/dev/cljs"]...[0m
[32mSuccessfully compiled "target/cljsbuild/public/js/app.js" in 0.771 seconds.[0m
notifying browser that file changed:  target/cljsbuild/public/js/out/goog/deps.js
notifying browser that file changed:  target/cljsbuild/public/js/out/cljs_deps.js
notifying browser that file changed:  target/cljsbuild/public/js/out/edw/events.js
[0mCompiling "target/cljsbuild/public/js/app.js" from ["src/cljs" "src/cljc" "env/dev/cljs"]...[0m
[32mSuccessfully compiled "target/cljsbuild/public/js/app.js" in 0.61 seconds.[0m
notifying browser that file changed:  target/cljsbuild/public/js/out/edw/events.js
[0mCompiling "target/cljsbuild/public/js/app.js" from ["src/cljs" "src/cljc" "env/dev/cljs"]...[0m
[32mSuccessfully compiled "target/cljsbuild/public/js/app.js" in 0.594 seconds.[0m
notifying browser that file changed:  target/cljsbuild/public/js/out/edw/cmd.js
[0mCompiling "target/cljsbuild/public/js/app.js" from ["src/cljs" "src/cljc" "env/dev/cljs"]...[0m
[32mSuccessfully compiled "target/cljsbuild/public/js/app.js" in 0.521 seconds.[0m
notifying browser that file changed:  target/cljsbuild/public/js/out/edw/events.js
[0mCompiling "target/cljsbuild/public/js/app.js" from ["src/cljs" "src/cljc" "env/dev/cljs"]...[0m
[32mSuccessfully compiled "target/cljsbuild/public/js/app.js" in 0.808 seconds.[0m
notifying browser that file changed:  target/cljsbuild/public/js/out/goog/deps.js
notifying browser that file changed:  target/cljsbuild/public/js/out/cljs_deps.js
notifying browser that file changed:  target/cljsbuild/public/js/out/edw/cmd.js
[0mCompiling "target/cljsbuild/public/js/app.js" from ["src/cljs" "src/cljc" "env/dev/cljs"]...[0m
[32mSuccessfully compiled "target/cljsbuild/public/js/app.js" in 0.638 seconds.[0m
notifying browser that file changed:  target/cljsbuild/public/js/out/edw/cmd.js
[0mCompiling "target/cljsbuild/public/js/app.js" from ["src/cljs" "src/cljc" "env/dev/cljs"]...[0m
[32mSuccessfully compiled "target/cljsbuild/public/js/app.js" in 0.641 seconds.[0m
notifying browser that file changed:  target/cljsbuild/public/js/out/edw/cmd.js
[0mCompiling "target/cljsbuild/public/js/app.js" from ["src/cljs" "src/cljc" "env/dev/cljs"]...[0m
[32mSuccessfully compiled "target/cljsbuild/public/js/app.js" in 0.497 seconds.[0m
notifying browser that file changed:  target/cljsbuild/public/js/out/edw/events.js
[0mCompiling "target/cljsbuild/public/js/app.js" from ["src/cljs" "src/cljc" "env/dev/cljs"]...[0m
[32mSuccessfully compiled "target/cljsbuild/public/js/app.js" in 0.564 seconds.[0m
notifying browser that file changed:  target/cljsbuild/public/js/out/edw/events.js
[0mCompiling "target/cljsbuild/public/js/app.js" from ["src/cljs" "src/cljc" "env/dev/cljs"]...[0m
[32mSuccessfully compiled "target/cljsbuild/public/js/app.js" in 0.603 seconds.[0m
notifying browser that file changed:  target/cljsbuild/public/js/out/edw/cmd.js
[0mCompiling "target/cljsbuild/public/js/app.js" from ["src/cljs" "src/cljc" "env/dev/cljs"]...[0m
[32mSuccessfully compiled "target/cljsbuild/public/js/app.js" in 0.57 seconds.[0m
notifying browser that file changed:  target/cljsbuild/public/js/out/edw/events.js
[0mCompiling "target/cljsbuild/public/js/app.js" from ["src/cljs" "src/cljc" "env/dev/cljs"]...[0m
[32mSuccessfully compiled "target/cljsbuild/public/js/app.js" in 0.629 seconds.[0m
notifying browser that file changed:  target/cljsbuild/public/js/out/edw/cmd.js
[0mCompiling "target/cljsbuild/public/js/app.js" from ["src/cljs" "src/cljc" "env/dev/cljs"]...[0m
[32mSuccessfully compiled "target/cljsbuild/public/js/app.js" in 0.524 seconds.[0m
notifying browser that file changed:  target/cljsbuild/public/js/out/edw/cmd.js
[0mCompiling "target/cljsbuild/public/js/app.js" from ["src/cljs" "src/cljc" "env/dev/cljs"]...[0m
[32mSuccessfully compiled "target/cljsbuild/public/js/app.js" in 0.518 seconds.[0m
notifying browser that file changed:  target/cljsbuild/public/js/out/edw/cmd.js
[0mCompiling "target/cljsbuild/public/js/app.js" from ["src/cljs" "src/cljc" "env/dev/cljs"]...[0m
[32mSuccessfully compiled "target/cljsbuild/public/js/app.js" in 0.492 seconds.[0m
notifying browser that file changed:  target/cljsbuild/public/js/out/edw/events.js
[0mCompiling "target/cljsbuild/public/js/app.js" from ["src/cljs" "src/cljc" "env/dev/cljs"]...[0m
[32mSuccessfully compiled "target/cljsbuild/public/js/app.js" in 0.503 seconds.[0m
notifying browser that file changed:  target/cljsbuild/public/js/out/edw/cmd.js
[0mCompiling "target/cljsbuild/public/js/app.js" from ["src/cljs" "src/cljc" "env/dev/cljs"]...[0m
[32mSuccessfully compiled "target/cljsbuild/public/js/app.js" in 0.466 seconds.[0m
notifying browser that file changed:  target/cljsbuild/public/js/out/edw/cmd.js
[0mCompiling "target/cljsbuild/public/js/app.js" from ["src/cljs" "src/cljc" "env/dev/cljs"]...[0m
[32mSuccessfully compiled "target/cljsbuild/public/js/app.js" in 0.508 seconds.[0m
notifying browser that file changed:  target/cljsbuild/public/js/out/edw/cmd.js
[0mCompiling "target/cljsbuild/public/js/app.js" from ["src/cljs" "src/cljc" "env/dev/cljs"]...[0m
[32mSuccessfully compiled "target/cljsbuild/public/js/app.js" in 0.487 seconds.[0m
notifying browser that file changed:  target/cljsbuild/public/js/out/edw/cmd.js
[0mCompiling "target/cljsbuild/public/js/app.js" from ["src/cljs" "src/cljc" "env/dev/cljs"]...[0m
[32mSuccessfully compiled "target/cljsbuild/public/js/app.js" in 0.474 seconds.[0m
notifying browser that file changed:  target/cljsbuild/public/js/out/edw/events.js
[0mCompiling "target/cljsbuild/public/js/app.js" from ["src/cljs" "src/cljc" "env/dev/cljs"]...[0m
[32mSuccessfully compiled "target/cljsbuild/public/js/app.js" in 0.538 seconds.[0m
notifying browser that file changed:  target/cljsbuild/public/js/out/edw/events.js
[0mCompiling "target/cljsbuild/public/js/app.js" from ["src/cljs" "src/cljc" "env/dev/cljs"]...[0m
[32mSuccessfully compiled "target/cljsbuild/public/js/app.js" in 0.479 seconds.[0m
notifying browser that file changed:  target/cljsbuild/public/js/out/edw/events.js
[0mCompiling "target/cljsbuild/public/js/app.js" from ["src/cljs" "src/cljc" "env/dev/cljs"]...[0m
[32mSuccessfully compiled "target/cljsbuild/public/js/app.js" in 0.48 seconds.[0m
notifying browser that file changed:  target/cljsbuild/public/js/out/edw/events.js
[0mCompiling "target/cljsbuild/public/js/app.js" from ["src/cljs" "src/cljc" "env/dev/cljs"]...[0m
[32mSuccessfully compiled "target/cljsbuild/public/js/app.js" in 0.495 seconds.[0m
notifying browser that file changed:  target/cljsbuild/public/js/out/edw/events.js
[0mCompiling "target/cljsbuild/public/js/app.js" from ["src/cljs" "src/cljc" "env/dev/cljs"]...[0m
[32mSuccessfully compiled "target/cljsbuild/public/js/app.js" in 0.488 seconds.[0m
notifying browser that file changed:  target/cljsbuild/public/js/out/edw/events.js
[0mCompiling "target/cljsbuild/public/js/app.js" from ["src/cljs" "src/cljc" "env/dev/cljs"]...[0m
[32mSuccessfully compiled "target/cljsbuild/public/js/app.js" in 0.507 seconds.[0m
notifying browser that file changed:  target/cljsbuild/public/js/out/edw/cmd.js
[0mCompiling "target/cljsbuild/public/js/app.js" from ["src/cljs" "src/cljc" "env/dev/cljs"]...[0m
[32mSuccessfully compiled "target/cljsbuild/public/js/app.js" in 0.47 seconds.[0m
notifying browser that file changed:  target/cljsbuild/public/js/out/cljs_deps.js
notifying browser that file changed:  target/cljsbuild/public/js/out/edw/ui.js
[0mCompiling "target/cljsbuild/public/js/app.js" from ["src/cljs" "src/cljc" "env/dev/cljs"]...[0m
[36m----  Compiler Warning on   src/cljs/edw/ui.cljs   line:7  column:14  ----[0m

  [1mNo such namespace: r, could not locate r.cljs, r.cljc, or JavaScript source providing "r"[0m

  [36m 3[0m  [36m    [re-frame.core :as rf][0m
  [36m 4[0m  [36m    ))[0m
  [36m 5[0m  [36m[0m
  [36m 6[0m  [36m(defn- text-input [event-id event-params input-type init-val save-on-change? props][0m
  [33m 7[0m  [1m  (let [val (r/atom init-val)[0m
  [0m  [0m  [33m             ^--- No such namespace: r, could not locate r.cljs, r.cljc, or JavaScript source providing "r"[0m
  [36m 8[0m  [36m        stop #(reset! val init-val)[0m
  [36m 9[0m  [36m        save #(rf/dispatch (into [] (concat [event-id] event-params [(if (nil? %) @val %)])))[0m
  [36m10[0m  [36m        save-on-change #(rf/dispatch (into [] (concat [event-id] event-params [@val])))][0m
  [36m11[0m  [36m    [:input[0m
  [36m12[0m  [36m     (merge[0m

[36m----  Compiler Warning : Please see src/cljs/edw/ui.cljs  ----[0m
[36m----  Compiler Warning on   src/cljs/edw/ui.cljs   line:7  column:14  ----[0m

  [1mUse of undeclared Var r/atom[0m

  [36m 3[0m  [36m    [re-frame.core :as rf][0m
  [36m 4[0m  [36m    ))[0m
  [36m 5[0m  [36m[0m
  [36m 6[0m  [36m(defn- text-input [event-id event-params input-type init-val save-on-change? props][0m
  [33m 7[0m  [1m  (let [val (r/atom init-val)[0m
  [0m  [0m  [33m             ^--- Use of undeclared Var r/atom[0m
  [36m 8[0m  [36m        stop #(reset! val init-val)[0m
  [36m 9[0m  [36m        save #(rf/dispatch (into [] (concat [event-id] event-params [(if (nil? %) @val %)])))[0m
  [36m10[0m  [36m        save-on-change #(rf/dispatch (into [] (concat [event-id] event-params [@val])))][0m
  [36m11[0m  [36m    [:input[0m
  [36m12[0m  [36m     (merge[0m

[36m----  Compiler Warning : Please see src/cljs/edw/ui.cljs  ----[0m
[36m----  Compiler Warning on   src/cljs/edw/ui.cljs   line:26  column:14  ----[0m

  [1mNo such namespace: r, could not locate r.cljs, r.cljc, or JavaScript source providing "r"[0m

  [36m22[0m  [36m                        nil)}[0m
  [36m23[0m  [36m       props)]))[0m
  [36m24[0m  [36m[0m
  [36m25[0m  [36m(defn- textarea-input [event-id event-params init-val props][0m
  [33m26[0m  [1m  (let [val (r/atom init-val)[0m
  [0m  [0m  [33m             ^--- No such namespace: r, could not locate r.cljs, r.cljc, or JavaScript source providing "r"[0m
  [36m27[0m  [36m        save #(rf/dispatch (into [] (concat [event-id] event-params [@val])))][0m
  [36m28[0m  [36m    [:textarea[0m
  [36m29[0m  [36m     (merge[0m
  [36m30[0m  [36m       {[0m
  [36m31[0m  [36m        :default-value init-val[0m

[36m----  Compiler Warning : Please see src/cljs/edw/ui.cljs  ----[0m
[36m----  Compiler Warning on   src/cljs/edw/ui.cljs   line:26  column:14  ----[0m

  [1mUse of undeclared Var r/atom[0m

  [36m22[0m  [36m                        nil)}[0m
  [36m23[0m  [36m       props)]))[0m
  [36m24[0m  [36m[0m
  [36m25[0m  [36m(defn- textarea-input [event-id event-params init-val props][0m
  [33m26[0m  [1m  (let [val (r/atom init-val)[0m
  [0m  [0m  [33m             ^--- Use of undeclared Var r/atom[0m
  [36m27[0m  [36m        save #(rf/dispatch (into [] (concat [event-id] event-params [@val])))][0m
  [36m28[0m  [36m    [:textarea[0m
  [36m29[0m  [36m     (merge[0m
  [36m30[0m  [36m       {[0m
  [36m31[0m  [36m        :default-value init-val[0m

[36m----  Compiler Warning : Please see src/cljs/edw/ui.cljs  ----[0m
[32mSuccessfully compiled "target/cljsbuild/public/js/app.js" in 0.509 seconds.[0m
notifying browser that file changed:  target/cljsbuild/public/js/out/cljs_deps.js
notifying browser that file changed:  target/cljsbuild/public/js/out/edw/ui.js
[0mCompiling "target/cljsbuild/public/js/app.js" from ["src/cljs" "src/cljc" "env/dev/cljs"]...[0m
[32mSuccessfully compiled "target/cljsbuild/public/js/app.js" in 0.377 seconds.[0m
notifying browser that file changed:  target/cljsbuild/public/js/out/cljs_deps.js
notifying browser that file changed:  target/cljsbuild/public/js/out/edw/ui.js
[0mCompiling "target/cljsbuild/public/js/app.js" from ["src/cljs" "src/cljc" "env/dev/cljs"]...[0m
[32mSuccessfully compiled "target/cljsbuild/public/js/app.js" in 0.493 seconds.[0m
notifying browser that file changed:  target/cljsbuild/public/js/out/cljs_deps.js
notifying browser that file changed:  target/cljsbuild/public/js/out/edw/cmd.js
[0mCompiling "target/cljsbuild/public/js/app.js" from ["src/cljs" "src/cljc" "env/dev/cljs"]...[0m
[32mSuccessfully compiled "target/cljsbuild/public/js/app.js" in 0.651 seconds.[0m
notifying browser that file changed:  target/cljsbuild/public/js/out/edw/cmd.js
[0mCompiling "target/cljsbuild/public/js/app.js" from ["src/cljs" "src/cljc" "env/dev/cljs"]...[0m
[32mSuccessfully compiled "target/cljsbuild/public/js/app.js" in 0.509 seconds.[0m
notifying browser that file changed:  target/cljsbuild/public/js/out/edw/cmd.js
[0mCompiling "target/cljsbuild/public/js/app.js" from ["src/cljs" "src/cljc" "env/dev/cljs"]...[0m
[32mSuccessfully compiled "target/cljsbuild/public/js/app.js" in 0.514 seconds.[0m
notifying browser that file changed:  target/cljsbuild/public/js/out/edw/cmd.js
